Release 14.7 - xst P.20131013 (nt64)
Copyright (c) 1995-2013 Xilinx, Inc.  All rights reserved.
--> Parameter TMPDIR set to xst/projnav.tmp


Total REAL time to Xst completion: 0.00 secs
Total CPU time to Xst completion: 0.08 secs
 
--> Parameter xsthdpdir set to xst


Total REAL time to Xst completion: 0.00 secs
Total CPU time to Xst completion: 0.08 secs
 
--> Reading design: ALU_8bit.prj

TABLE OF CONTENTS
  1) Synthesis Options Summary
  2) HDL Compilation
  3) Design Hierarchy Analysis
  4) HDL Analysis
  5) HDL Synthesis
     5.1) HDL Synthesis Report
  6) Advanced HDL Synthesis
     6.1) Advanced HDL Synthesis Report
  7) Low Level Synthesis
  8) Partition Report
  9) Final Report
	9.1) Device utilization summary
	9.2) Partition Resource Summary
	9.3) TIMING REPORT


=========================================================================
*                      Synthesis Options Summary                        *
=========================================================================
---- Source Parameters
Input File Name                    : "ALU_8bit.prj"
Input Format                       : mixed
Ignore Synthesis Constraint File   : NO

---- Target Parameters
Output File Name                   : "ALU_8bit"
Output Format                      : NGC
Target Device                      : xa3s500e-4-pqg208

---- Source Options
Top Module Name                    : ALU_8bit
Automatic FSM Extraction           : YES
FSM Encoding Algorithm             : Auto
Safe Implementation                : No
FSM Style                          : LUT
RAM Extraction                     : Yes
RAM Style                          : Auto
ROM Extraction                     : Yes
Mux Style                          : Auto
Decoder Extraction                 : YES
Priority Encoder Extraction        : Yes
Shift Register Extraction          : YES
Logical Shifter Extraction         : YES
XOR Collapsing                     : YES
ROM Style                          : Auto
Mux Extraction                     : Yes
Resource Sharing                   : YES
Asynchronous To Synchronous        : NO
Multiplier Style                   : Auto
Automatic Register Balancing       : No

---- Target Options
Add IO Buffers                     : YES
Global Maximum Fanout              : 100000
Add Generic Clock Buffer(BUFG)     : 24
Register Duplication               : YES
Slice Packing                      : YES
Optimize Instantiated Primitives   : NO
Use Clock Enable                   : Yes
Use Synchronous Set                : Yes
Use Synchronous Reset              : Yes
Pack IO Registers into IOBs        : Auto
Equivalent register Removal        : YES

---- General Options
Optimization Goal                  : Speed
Optimization Effort                : 1
Keep Hierarchy                     : No
Netlist Hierarchy                  : As_Optimized
RTL Output                         : Yes
Global Optimization                : AllClockNets
Read Cores                         : YES
Write Timing Constraints           : NO
Cross Clock Analysis               : NO
Hierarchy Separator                : /
Bus Delimiter                      : <>
Case Specifier                     : Maintain
Slice Utilization Ratio            : 100
BRAM Utilization Ratio             : 100
Verilog 2001                       : YES
Auto BRAM Packing                  : NO
Slice Utilization Ratio Delta      : 5

=========================================================================


=========================================================================
*                          HDL Compilation                              *
=========================================================================
Compiling vhdl file "E:/DATA/learn_fpga/ALU_8bit/full_adder.vhd" in Library work.
Architecture behavioral of Entity full_adder is up to date.
Compiling vhdl file "E:/DATA/learn_fpga/ALU_8bit/adder_4bit.vhd" in Library work.
Architecture behavioral of Entity adder_4bit is up to date.
Compiling vhdl file "E:/DATA/learn_fpga/ALU_8bit/compare_1bit.vhd" in Library work.
Architecture behavioral of Entity compare_1bit is up to date.
Compiling vhdl file "E:/DATA/learn_fpga/ALU_8bit/multiplier_4bit.vhd" in Library work.
Architecture behavioral of Entity multiplier_4bit is up to date.
Compiling vhdl file "E:/DATA/learn_fpga/ALU_8bit/adder_8bit.vhd" in Library work.
Architecture behavioral of Entity adder_8bit is up to date.
Compiling vhdl file "E:/DATA/learn_fpga/ALU_8bit/compare_4bit.vhd" in Library work.
Architecture behavioral of Entity compare_4bit is up to date.
Compiling vhdl file "E:/DATA/learn_fpga/ALU_8bit/subtract_8bit.vhd" in Library work.
Architecture behavioral of Entity subtract_8bit is up to date.
Compiling vhdl file "E:/DATA/learn_fpga/ALU_8bit/compare_8bit.vhd" in Library work.
Architecture behavioral of Entity compare_8bit is up to date.
Compiling vhdl file "E:/DATA/learn_fpga/ALU_8bit/multiplier_8bit.vhd" in Library work.
Architecture behavioral of Entity multiplier_8bit is up to date.
Compiling vhdl file "E:/DATA/learn_fpga/ALU_8bit/ALU_8bit.vhd" in Library work.
Entity <alu_8bit> compiled.
Entity <alu_8bit> (Architecture <behavioral>) compiled.

=========================================================================
*                     Design Hierarchy Analysis                         *
=========================================================================
Analyzing hierarchy for entity <ALU_8bit> in library <work> (architecture <behavioral>).

Analyzing hierarchy for entity <subtract_8bit> in library <work> (architecture <behavioral>).

Analyzing hierarchy for entity <adder_8bit> in library <work> (architecture <behavioral>).

Analyzing hierarchy for entity <compare_8bit> in library <work> (architecture <behavioral>).

Analyzing hierarchy for entity <multiplier_8bit> in library <work> (architecture <behavioral>).

Analyzing hierarchy for entity <full_adder> in library <work> (architecture <behavioral>).

Analyzing hierarchy for entity <compare_4bit> in library <work> (architecture <behavioral>).

Analyzing hierarchy for entity <multiplier_4bit> in library <work> (architecture <behavioral>).

Analyzing hierarchy for entity <adder_8bit> in library <work> (architecture <behavioral>).

Analyzing hierarchy for entity <compare_1bit> in library <work> (architecture <behavioral>).

Analyzing hierarchy for entity <adder_4bit> in library <work> (architecture <behavioral>).

Analyzing hierarchy for entity <full_adder> in library <work> (architecture <behavioral>).

Analyzing hierarchy for entity <full_adder> in library <work> (architecture <behavioral>).

Analyzing hierarchy for entity <full_adder> in library <work> (architecture <behavioral>).

Analyzing hierarchy for entity <full_adder> in library <work> (architecture <behavioral>).

Analyzing hierarchy for entity <full_adder> in library <work> (architecture <behavioral>).

Analyzing hierarchy for entity <full_adder> in library <work> (architecture <behavioral>).

Analyzing hierarchy for entity <full_adder> in library <work> (architecture <behavioral>).

Analyzing hierarchy for entity <full_adder> in library <work> (architecture <behavioral>).

Analyzing hierarchy for entity <full_adder> in library <work> (architecture <behavioral>).

Analyzing hierarchy for entity <full_adder> in library <work> (architecture <behavioral>).

Analyzing hierarchy for entity <full_adder> in library <work> (architecture <behavioral>).

Analyzing hierarchy for entity <full_adder> in library <work> (architecture <behavioral>).


=========================================================================
*                            HDL Analysis                               *
=========================================================================
Analyzing Entity <ALU_8bit> in library <work> (Architecture <behavioral>).
INFO:Xst:1739 - HDL ADVISOR - "E:/DATA/learn_fpga/ALU_8bit/ALU_8bit.vhd" line 35: declaration of a buffer port will make it difficult for you to validate this design by simulation. It is preferable to declare it as output.
Entity <ALU_8bit> analyzed. Unit <ALU_8bit> generated.

Analyzing Entity <subtract_8bit> in library <work> (Architecture <behavioral>).
Entity <subtract_8bit> analyzed. Unit <subtract_8bit> generated.

Analyzing Entity <full_adder> in library <work> (Architecture <behavioral>).
Entity <full_adder> analyzed. Unit <full_adder> generated.

Analyzing Entity <adder_8bit> in library <work> (Architecture <behavioral>).
Entity <adder_8bit> analyzed. Unit <adder_8bit> generated.

Analyzing Entity <compare_8bit> in library <work> (Architecture <behavioral>).
INFO:Xst:1739 - HDL ADVISOR - "E:/DATA/learn_fpga/ALU_8bit/compare_8bit.vhd" line 35: declaration of a buffer port will make it difficult for you to validate this design by simulation. It is preferable to declare it as output.
INFO:Xst:1739 - HDL ADVISOR - "E:/DATA/learn_fpga/ALU_8bit/compare_8bit.vhd" line 35: declaration of a buffer port will make it difficult for you to validate this design by simulation. It is preferable to declare it as output.
Entity <compare_8bit> analyzed. Unit <compare_8bit> generated.

Analyzing Entity <compare_4bit> in library <work> (Architecture <behavioral>).
Entity <compare_4bit> analyzed. Unit <compare_4bit> generated.

Analyzing Entity <compare_1bit> in library <work> (Architecture <behavioral>).
Entity <compare_1bit> analyzed. Unit <compare_1bit> generated.

Analyzing Entity <multiplier_8bit> in library <work> (Architecture <behavioral>).
Entity <multiplier_8bit> analyzed. Unit <multiplier_8bit> generated.

Analyzing Entity <multiplier_4bit> in library <work> (Architecture <behavioral>).
Entity <multiplier_4bit> analyzed. Unit <multiplier_4bit> generated.

Analyzing Entity <adder_4bit> in library <work> (Architecture <behavioral>).
Entity <adder_4bit> analyzed. Unit <adder_4bit> generated.


=========================================================================
*                           HDL Synthesis                               *
=========================================================================

Performing bidirectional port resolution...

Synthesizing Unit <full_adder>.
    Related source file is "E:/DATA/learn_fpga/ALU_8bit/full_adder.vhd".
    Found 1-bit xor2 for signal <S>.
    Found 1-bit xor2 for signal <C$xor0000> created at line 44.
Unit <full_adder> synthesized.


Synthesizing Unit <compare_1bit>.
    Related source file is "E:/DATA/learn_fpga/ALU_8bit/compare_1bit.vhd".
Unit <compare_1bit> synthesized.


Synthesizing Unit <subtract_8bit>.
    Related source file is "E:/DATA/learn_fpga/ALU_8bit/subtract_8bit.vhd".
Unit <subtract_8bit> synthesized.


Synthesizing Unit <adder_8bit>.
    Related source file is "E:/DATA/learn_fpga/ALU_8bit/adder_8bit.vhd".
Unit <adder_8bit> synthesized.


Synthesizing Unit <compare_4bit>.
    Related source file is "E:/DATA/learn_fpga/ALU_8bit/compare_4bit.vhd".
WARNING:Xst:646 - Signal <RES3<0>> is assigned but never used. This unconnected signal will be trimmed during the optimization process.
WARNING:Xst:646 - Signal <RES2<0>> is assigned but never used. This unconnected signal will be trimmed during the optimization process.
WARNING:Xst:646 - Signal <RES1<0>> is assigned but never used. This unconnected signal will be trimmed during the optimization process.
WARNING:Xst:646 - Signal <RES0<0>> is assigned but never used. This unconnected signal will be trimmed during the optimization process.
Unit <compare_4bit> synthesized.


Synthesizing Unit <adder_4bit>.
    Related source file is "E:/DATA/learn_fpga/ALU_8bit/adder_4bit.vhd".
Unit <adder_4bit> synthesized.


Synthesizing Unit <compare_8bit>.
    Related source file is "E:/DATA/learn_fpga/ALU_8bit/compare_8bit.vhd".
WARNING:Xst:646 - Signal <X<6>> is assigned but never used. This unconnected signal will be trimmed during the optimization process.
WARNING:Xst:646 - Signal <X<4>> is assigned but never used. This unconnected signal will be trimmed during the optimization process.
WARNING:Xst:646 - Signal <X<2>> is assigned but never used. This unconnected signal will be trimmed during the optimization process.
WARNING:Xst:646 - Signal <X<0>> is assigned but never used. This unconnected signal will be trimmed during the optimization process.
Unit <compare_8bit> synthesized.


Synthesizing Unit <multiplier_4bit>.
    Related source file is "E:/DATA/learn_fpga/ALU_8bit/multiplier_4bit.vhd".
Unit <multiplier_4bit> synthesized.


Synthesizing Unit <multiplier_8bit>.
    Related source file is "E:/DATA/learn_fpga/ALU_8bit/multiplier_8bit.vhd".
WARNING:Xst:646 - Signal <CARRY<2:1>> is assigned but never used. This unconnected signal will be trimmed during the optimization process.
Unit <multiplier_8bit> synthesized.


Synthesizing Unit <ALU_8bit>.
    Related source file is "E:/DATA/learn_fpga/ALU_8bit/ALU_8bit.vhd".
    Found 16-bit 8-to-1 multiplexer for signal <OUTPUT>.
    Found 1-bit xor2 for signal <CARRY>.
    Found 8-bit xor2 for signal <OUTPUT7>.
    Summary:
	inferred  16 Multiplexer(s).
Unit <ALU_8bit> synthesized.


=========================================================================
HDL Synthesis Report

Macro Statistics
# Multiplexers                                         : 1
 16-bit 8-to-1 multiplexer                             : 1
# Xors                                                 : 178
 1-bit xor2                                            : 177
 8-bit xor2                                            : 1

=========================================================================

=========================================================================
*                       Advanced HDL Synthesis                          *
=========================================================================


=========================================================================
Advanced HDL Synthesis Report

Macro Statistics
# Multiplexers                                         : 1
 16-bit 8-to-1 multiplexer                             : 1
# Xors                                                 : 178
 1-bit xor2                                            : 177
 8-bit xor2                                            : 1

=========================================================================

=========================================================================
*                         Low Level Synthesis                           *
=========================================================================

Optimizing unit <ALU_8bit> ...

Mapping all equations...
Building and optimizing final netlist ...
Found area constraint ratio of 100 (+ 5) on block ALU_8bit, actual ratio is 3.

Final Macro Processing ...

=========================================================================
Final Register Report

Found no macro
=========================================================================

=========================================================================
*                           Partition Report                            *
=========================================================================

Partition Implementation Status
-------------------------------

  No Partitions were found in this design.

-------------------------------

=========================================================================
*                            Final Report                               *
=========================================================================
Final Results
RTL Top Level Output File Name     : ALU_8bit.ngr
Top Level Output File Name         : ALU_8bit
Output Format                      : NGC
Optimization Goal                  : Speed
Keep Hierarchy                     : No

Design Statistics
# IOs                              : 36

Cell Usage :
# BELS                             : 247
#      LUT2                        : 44
#      LUT3                        : 40
#      LUT4                        : 133
#      MUXF5                       : 22
#      MUXF6                       : 8
# IO Buffers                       : 36
#      IBUF                        : 19
#      OBUF                        : 17
=========================================================================

Device utilization summary:
---------------------------

Selected Device : xa3s500epqg208-4 

 Number of Slices:                      121  out of   4656     2%  
 Number of 4 input LUTs:                217  out of   9312     2%  
 Number of IOs:                          36
 Number of bonded IOBs:                  36  out of    158    22%  

---------------------------
Partition Resource Summary:
---------------------------

  No Partitions were found in this design.

---------------------------


=========================================================================
TIMING REPORT

NOTE: THESE TIMING NUMBERS ARE ONLY A SYNTHESIS ESTIMATE.
      FOR ACCURATE TIMING INFORMATION PLEASE REFER TO THE TRACE REPORT
      GENERATED AFTER PLACE-and-ROUTE.

Clock Information:
------------------
No clock signals found in this design

Asynchronous Control Signals Information:
----------------------------------------
No asynchronous control signals found in this design

Timing Summary:
---------------
Speed Grade: -4

   Minimum period: No path found
   Minimum input arrival time before clock: No path found
   Maximum output required time after clock: No path found
   Maximum combinational path delay: 22.159ns

Timing Detail:
--------------
All values displayed in nanoseconds (ns)

=========================================================================
Timing constraint: Default path analysis
  Total number of paths / destination ports: 20521 / 17
-------------------------------------------------------------------------
Delay:               22.159ns (Levels of Logic = 15)
  Source:            INPUT1<5> (PAD)
  Destination:       OUTPUT<15> (PAD)

  Data Path: INPUT1<5> to OUTPUT<15>
                                Gate     Net
    Cell:in->out      fanout   Delay   Delay  Logical Name (Net Name)
    ----------------------------------------  ------------
     IBUF:I->O            27   1.218   1.340  INPUT1_5_IBUF (INPUT1_5_IBUF)
     LUT4:I1->O            3   0.704   0.706  multiplier/M4_1/FA0/FA0/C_and00001 (multiplier/M4_1/FA0/FA0/C_and0000)
     LUT4:I0->O            3   0.704   0.535  multiplier/M4_1/FA0/FA1/C1 (multiplier/M4_1/FA0/SIG<1>)
     LUT4:I3->O            3   0.704   0.535  multiplier/M4_1/FA0/FA2/Mxor_S_Result1 (multiplier/M4_1/buff1<2>)
     LUT4:I3->O            2   0.704   0.451  multiplier/M4_1/FA1/FA1/C1 (multiplier/M4_1/FA1/SIG<1>)
     LUT4:I3->O            2   0.704   0.482  multiplier/M4_1/FA1/FA2/Mxor_S_Result1 (multiplier/M4_1/buff2<2>)
     LUT4:I2->O            3   0.704   0.706  multiplier/M4_1/FA2/FA1/Mxor_S_Result1 (multiplier/buf1<4>)
     LUT3:I0->O            2   0.704   0.622  multiplier/A8_0/FA4/C1 (multiplier/A8_0/SIG<4>)
     LUT3:I0->O            2   0.704   0.526  multiplier/A8_0/FA5/Mxor_S_Result1 (multiplier/buf0_1<5>)
     LUT3:I1->O            2   0.704   0.622  multiplier/A8_1/FA5/C1 (multiplier/A8_1/SIG<5>)
     LUT3:I0->O            2   0.704   0.622  multiplier/A8_1/FA6/Mxor_S_Result1 (multiplier/buf0_2<6>)
     LUT3:I0->O            2   0.704   0.526  multiplier/A8_2/FA5/C1 (multiplier/A8_2/SIG<5>)
     LUT4:I1->O            1   0.704   0.424  Mmux_OUTPUT6_SW2 (N93)
     LUT4:I3->O            1   0.704   0.420  Mmux_OUTPUT6 (OUTPUT_15_OBUF)
     OBUF:I->O                 3.272          OUTPUT_15_OBUF (OUTPUT<15>)
    ----------------------------------------
    Total                     22.159ns (13.642ns logic, 8.517ns route)
                                       (61.6% logic, 38.4% route)

=========================================================================


Total REAL time to Xst completion: 9.00 secs
Total CPU time to Xst completion: 9.18 secs
 
--> 

Total memory usage is 4550940 kilobytes

Number of errors   :    0 (   0 filtered)
Number of warnings :    9 (   0 filtered)
Number of infos    :    3 (   0 filtered)

